<?xml version="1.0" encoding="UTF-8"?>
<!-- Generated by org.testng.reporters.JUnitReportReporter -->
<testsuite ignored="0" hostname="LAPTOP-3C9HJKGA" failures="0" tests="1" name="prueba.PruebaTest" time="3.047" errors="0" timestamp="20 Jan 2024 15:51:21 GMT" skipped="0">
  <testcase classname="prueba.PruebaTest" name="f" time="3.047"/>
</testsuite> <!-- prueba.PruebaTest -->
