<?xml version="1.0" encoding="UTF-8"?>
<!-- Generated by org.testng.reporters.JUnitReportReporter -->
<testsuite ignored="0" hostname="LAPTOP-3C9HJKGA" failures="0" tests="1" name="prueba.PruebaTest" time="2.442" errors="0" timestamp="23 Jan 2024 20:04:52 GMT" skipped="0">
  <testcase classname="prueba.PruebaTest" name="f" time="2.442"/>
</testsuite> <!-- prueba.PruebaTest -->
